[ 2019-04-17T13:55:02+08:00 ] 127.0.0.1 /admin.php/Login/login
INFO: [ app_begin ] --START--
INFO: Run Behavior\ReadHtmlCache [ RunTime:0.000606s ]
INFO: [ app_begin ] --END-- [ RunTime:0.001323s ]
INFO: [ view_parse ] --START--
INFO: [ template_filter ] --START--
INFO: Run Behavior\ContentReplace [ RunTime:0.000033s ]
INFO: [ template_filter ] --END-- [ RunTime:0.000091s ]
INFO: Run Behavior\ParseTemplate [ RunTime:0.007159s ]
INFO: [ view_parse ] --END-- [ RunTime:0.007253s ]
INFO: [ view_filter ] --START--
INFO: Run Behavior\WriteHtmlCache [ RunTime:0.000431s ]
INFO: [ view_filter ] --END-- [ RunTime:0.000491s ]
INFO: [ app_end ] --START--
INFO: Run Behavior\ShowPageTrace [ RunTime:0.000883s ]
INFO: [ app_end ] --END-- [ RunTime:0.001001s ]

[ 2019-04-17T13:55:02+08:00 ] 127.0.0.1 /admin.php/Login/verify.html?time=110
INFO: [ app_begin ] --START--
INFO: Run Behavior\ReadHtmlCache [ RunTime:0.000257s ]
INFO: [ app_begin ] --END-- [ RunTime:0.000511s ]
INFO: [ app_end ] --START--
INFO: Run Behavior\ShowPageTrace [ RunTime:0.000401s ]
INFO: [ app_end ] --END-- [ RunTime:0.000475s ]

[ 2019-04-17T13:55:11+08:00 ] 127.0.0.1 /admin.php?m=home&c=login&a=verify&time=0.22450155223107449
INFO: [ app_begin ] --START--
INFO: Run Behavior\ReadHtmlCache [ RunTime:0.000332s ]
INFO: [ app_begin ] --END-- [ RunTime:0.000647s ]
NOTIC: [2] imagettftext(): Unable to find a CharMap that I can handle /Users/liyishi/Work/project/web/movie/ThinkPHP/Library/Think/Verify.class.php 第 148 行.
NOTIC: [2] imagettftext(): Unable to find a CharMap that I can handle /Users/liyishi/Work/project/web/movie/ThinkPHP/Library/Think/Verify.class.php 第 148 行.
NOTIC: [2] imagettftext(): Unable to find a CharMap that I can handle /Users/liyishi/Work/project/web/movie/ThinkPHP/Library/Think/Verify.class.php 第 148 行.
NOTIC: [2] imagettftext(): Unable to find a CharMap that I can handle /Users/liyishi/Work/project/web/movie/ThinkPHP/Library/Think/Verify.class.php 第 148 行.
NOTIC: [2] imagettftext(): Unable to find a CharMap that I can handle /Users/liyishi/Work/project/web/movie/ThinkPHP/Library/Think/Verify.class.php 第 148 行.
INFO: [ app_end ] --START--
INFO: Run Behavior\ShowPageTrace [ RunTime:0.000460s ]
INFO: [ app_end ] --END-- [ RunTime:0.000540s ]

[ 2019-04-17T13:55:12+08:00 ] 127.0.0.1 /admin.php?m=home&c=login&a=verify&time=0.4347448017947202
INFO: [ app_begin ] --START--
INFO: Run Behavior\ReadHtmlCache [ RunTime:0.000249s ]
INFO: [ app_begin ] --END-- [ RunTime:0.000473s ]
INFO: [ app_end ] --START--
INFO: Run Behavior\ShowPageTrace [ RunTime:0.000404s ]
INFO: [ app_end ] --END-- [ RunTime:0.000498s ]

[ 2019-04-17T13:56:18+08:00 ] 127.0.0.1 /admin.php/login/dologin.html
INFO: [ app_begin ] --START--
INFO: Run Behavior\ReadHtmlCache [ RunTime:0.000252s ]
INFO: [ app_begin ] --END-- [ RunTime:0.000551s ]
NOTIC: [2] mysqli::__construct(): (HY000/2002): Operation timed out /Users/liyishi/Work/project/web/movie/ThinkPHP/Library/Think/Db/Driver/Mysqli.class.php 第 44 行.
ERR: Operation timed out

[ 2019-04-17T13:56:18+08:00 ] 127.0.0.1 /admin.php?m=home&c=login&a=verify&time=0.43170991200737086
INFO: [ app_begin ] --START--
INFO: Run Behavior\ReadHtmlCache [ RunTime:0.000274s ]
INFO: [ app_begin ] --END-- [ RunTime:0.000510s ]
NOTIC: [2] imagettftext(): Unable to find a CharMap that I can handle /Users/liyishi/Work/project/web/movie/ThinkPHP/Library/Think/Verify.class.php 第 148 行.
NOTIC: [2] imagettftext(): Unable to find a CharMap that I can handle /Users/liyishi/Work/project/web/movie/ThinkPHP/Library/Think/Verify.class.php 第 148 行.
NOTIC: [2] imagettftext(): Unable to find a CharMap that I can handle /Users/liyishi/Work/project/web/movie/ThinkPHP/Library/Think/Verify.class.php 第 148 行.
NOTIC: [2] imagettftext(): Unable to find a CharMap that I can handle /Users/liyishi/Work/project/web/movie/ThinkPHP/Library/Think/Verify.class.php 第 148 行.
NOTIC: [2] imagettftext(): Unable to find a CharMap that I can handle /Users/liyishi/Work/project/web/movie/ThinkPHP/Library/Think/Verify.class.php 第 148 行.
INFO: [ app_end ] --START--
INFO: Run Behavior\ShowPageTrace [ RunTime:0.000608s ]
INFO: [ app_end ] --END-- [ RunTime:0.000675s ]

[ 2019-04-17T13:56:18+08:00 ] 127.0.0.1 /admin.php?m=home&c=login&a=verify&time=0.6567354993025323
INFO: [ app_begin ] --START--
INFO: Run Behavior\ReadHtmlCache [ RunTime:0.000441s ]
INFO: [ app_begin ] --END-- [ RunTime:0.000912s ]
INFO: [ app_end ] --START--
INFO: Run Behavior\ShowPageTrace [ RunTime:0.000342s ]
INFO: [ app_end ] --END-- [ RunTime:0.000410s ]

[ 2019-04-17T13:56:18+08:00 ] 127.0.0.1 /admin.php?m=home&c=login&a=verify&time=0.5354580057482881
INFO: [ app_begin ] --START--
INFO: Run Behavior\ReadHtmlCache [ RunTime:0.000309s ]
INFO: [ app_begin ] --END-- [ RunTime:0.000646s ]
NOTIC: [2] imagettftext(): Unable to find a CharMap that I can handle /Users/liyishi/Work/project/web/movie/ThinkPHP/Library/Think/Verify.class.php 第 148 行.
NOTIC: [2] imagettftext(): Unable to find a CharMap that I can handle /Users/liyishi/Work/project/web/movie/ThinkPHP/Library/Think/Verify.class.php 第 148 行.
NOTIC: [2] imagettftext(): Unable to find a CharMap that I can handle /Users/liyishi/Work/project/web/movie/ThinkPHP/Library/Think/Verify.class.php 第 148 行.
NOTIC: [2] imagettftext(): Unable to find a CharMap that I can handle /Users/liyishi/Work/project/web/movie/ThinkPHP/Library/Think/Verify.class.php 第 148 行.
NOTIC: [2] imagettftext(): Unable to find a CharMap that I can handle /Users/liyishi/Work/project/web/movie/ThinkPHP/Library/Think/Verify.class.php 第 148 行.
INFO: [ app_end ] --START--
INFO: Run Behavior\ShowPageTrace [ RunTime:0.000301s ]
INFO: [ app_end ] --END-- [ RunTime:0.000360s ]

[ 2019-04-17T13:56:18+08:00 ] 127.0.0.1 /admin.php/login/dologin.html
INFO: [ app_begin ] --START--
INFO: Run Behavior\ReadHtmlCache [ RunTime:0.000345s ]
INFO: [ app_begin ] --END-- [ RunTime:0.000684s ]

[ 2019-04-17T13:56:22+08:00 ] 127.0.0.1 /admin.php?m=home&c=login&a=verify&time=0.8470563859821751
INFO: [ app_begin ] --START--
INFO: Run Behavior\ReadHtmlCache [ RunTime:0.000453s ]
INFO: [ app_begin ] --END-- [ RunTime:0.000871s ]
INFO: [ app_end ] --START--
INFO: Run Behavior\ShowPageTrace [ RunTime:0.000399s ]
INFO: [ app_end ] --END-- [ RunTime:0.000480s ]

[ 2019-04-17T13:56:32+08:00 ] 127.0.0.1 /admin.php/login/dologin.html
INFO: [ app_begin ] --START--
INFO: Run Behavior\ReadHtmlCache [ RunTime:0.000403s ]
INFO: [ app_begin ] --END-- [ RunTime:0.000732s ]

[ 2019-04-17T13:56:36+08:00 ] 127.0.0.1 /admin.php?m=home&c=login&a=verify&time=0.7036160109190379
INFO: [ app_begin ] --START--
INFO: Run Behavior\ReadHtmlCache [ RunTime:0.000363s ]
INFO: [ app_begin ] --END-- [ RunTime:0.000659s ]
INFO: [ app_end ] --START--
INFO: Run Behavior\ShowPageTrace [ RunTime:0.000429s ]
INFO: [ app_end ] --END-- [ RunTime:0.000564s ]

[ 2019-04-17T13:56:46+08:00 ] 127.0.0.1 /admin.php/login/dologin.html
INFO: [ app_begin ] --START--
INFO: Run Behavior\ReadHtmlCache [ RunTime:0.000306s ]
INFO: [ app_begin ] --END-- [ RunTime:0.000631s ]

[ 2019-04-17T13:56:50+08:00 ] 127.0.0.1 /admin.php?m=home&c=login&a=verify&time=0.8387212428767377
INFO: [ app_begin ] --START--
INFO: Run Behavior\ReadHtmlCache [ RunTime:0.000273s ]
INFO: [ app_begin ] --END-- [ RunTime:0.000508s ]
INFO: [ app_end ] --START--
INFO: Run Behavior\ShowPageTrace [ RunTime:0.000601s ]
INFO: [ app_end ] --END-- [ RunTime:0.000696s ]

[ 2019-04-17T13:56:56+08:00 ] 127.0.0.1 /admin.php?m=home&c=login&a=verify&time=0.9783778902502358
INFO: [ app_begin ] --START--
INFO: Run Behavior\ReadHtmlCache [ RunTime:0.000327s ]
INFO: [ app_begin ] --END-- [ RunTime:0.000573s ]
INFO: [ app_end ] --START--
INFO: Run Behavior\ShowPageTrace [ RunTime:0.000422s ]
INFO: [ app_end ] --END-- [ RunTime:0.000508s ]

[ 2019-04-17T13:58:03+08:00 ] 127.0.0.1 /admin.php/login/dologin.html
INFO: [ app_begin ] --START--
INFO: Run Behavior\ReadHtmlCache [ RunTime:0.000277s ]
INFO: [ app_begin ] --END-- [ RunTime:0.000519s ]
NOTIC: [2] mysqli::__construct(): (HY000/2002): Operation timed out /Users/liyishi/Work/project/web/movie/ThinkPHP/Library/Think/Db/Driver/Mysqli.class.php 第 44 行.
ERR: Operation timed out

[ 2019-04-17T13:58:03+08:00 ] 127.0.0.1 /admin.php/login/dologin.html
INFO: [ app_begin ] --START--
INFO: Run Behavior\ReadHtmlCache [ RunTime:0.000224s ]
INFO: [ app_begin ] --END-- [ RunTime:0.000420s ]

