[ 2019-04-15T18:10:15+08:00 ] 127.0.0.1 /web/movie/admin.php/Login/login
INFO: [ app_begin ] --START--
INFO: Run Behavior\ReadHtmlCache [ RunTime:0.000591s ]
INFO: [ app_begin ] --END-- [ RunTime:0.001100s ]
INFO: [ view_parse ] --START--
INFO: [ template_filter ] --START--
INFO: Run Behavior\ContentReplace [ RunTime:0.000017s ]
INFO: [ template_filter ] --END-- [ RunTime:0.000046s ]
NOTIC: [2] file_put_contents(./App/Runtime/Cache/Rzsys/351960341bb7caaba2052286a553a1bd.php): failed to open stream: Permission denied /Users/liyishi/Work/project/web/movie/ThinkPHP/Library/Think/Storage/Driver/File.class.php 第 46 行.
ERR: _STORAGE_WRITE_ERROR_:./App/Runtime/Cache/Rzsys/351960341bb7caaba2052286a553a1bd.php

[ 2019-04-15T18:12:04+08:00 ] 127.0.0.1 /web/movie/admin.php/Login/login
INFO: [ app_begin ] --START--
INFO: Run Behavior\ReadHtmlCache [ RunTime:0.000814s ]
INFO: [ app_begin ] --END-- [ RunTime:0.001834s ]
INFO: [ view_parse ] --START--
INFO: [ template_filter ] --START--
INFO: Run Behavior\ContentReplace [ RunTime:0.000015s ]
INFO: [ template_filter ] --END-- [ RunTime:0.000038s ]
INFO: Run Behavior\ParseTemplate [ RunTime:0.005738s ]
INFO: [ view_parse ] --END-- [ RunTime:0.005768s ]
INFO: [ view_filter ] --START--
INFO: Run Behavior\WriteHtmlCache [ RunTime:0.000532s ]
INFO: [ view_filter ] --END-- [ RunTime:0.000558s ]
INFO: [ app_end ] --START--
INFO: Run Behavior\ShowPageTrace [ RunTime:0.000744s ]
INFO: [ app_end ] --END-- [ RunTime:0.000771s ]

[ 2019-04-15T18:12:04+08:00 ] 127.0.0.1 /web/movie/admin.php/Login/verify.html?time=583
INFO: [ app_begin ] --START--
INFO: Run Behavior\ReadHtmlCache [ RunTime:0.000328s ]
INFO: [ app_begin ] --END-- [ RunTime:0.000538s ]
NOTIC: [8] ob_clean(): failed to delete buffer. No buffer to delete /Users/liyishi/Work/project/web/movie/App/Rzsys/Controller/LoginController.class.php 第 75 行.
ERR: Call to undefined function Think\imagettftext()

[ 2019-04-15T18:31:26+08:00 ] 127.0.0.1 /web/movie/admin.php/Login/login
INFO: [ app_begin ] --START--
INFO: Run Behavior\ReadHtmlCache [ RunTime:0.000650s ]
INFO: [ app_begin ] --END-- [ RunTime:0.001359s ]
INFO: [ view_parse ] --START--
INFO: [ template_filter ] --START--
INFO: Run Behavior\ContentReplace [ RunTime:0.000016s ]
INFO: [ template_filter ] --END-- [ RunTime:0.000041s ]
INFO: Run Behavior\ParseTemplate [ RunTime:0.006260s ]
INFO: [ view_parse ] --END-- [ RunTime:0.006297s ]
INFO: [ view_filter ] --START--
INFO: Run Behavior\WriteHtmlCache [ RunTime:0.000503s ]
INFO: [ view_filter ] --END-- [ RunTime:0.000532s ]
INFO: [ app_end ] --START--
INFO: Run Behavior\ShowPageTrace [ RunTime:0.000617s ]
INFO: [ app_end ] --END-- [ RunTime:0.000635s ]

[ 2019-04-15T18:31:26+08:00 ] 127.0.0.1 /web/movie/admin.php/Login/verify.html?time=915
INFO: [ app_begin ] --START--
INFO: Run Behavior\ReadHtmlCache [ RunTime:0.000397s ]
INFO: [ app_begin ] --END-- [ RunTime:0.000723s ]
NOTIC: [8] ob_clean(): failed to delete buffer. No buffer to delete /Users/liyishi/Work/project/web/movie/App/Rzsys/Controller/LoginController.class.php 第 75 行.
ERR: Call to undefined function Think\imagettftext()

[ 2019-04-15T18:32:02+08:00 ] 127.0.0.1 /movie/admin.php/Login/login
INFO: [ app_begin ] --START--
INFO: Run Behavior\ReadHtmlCache [ RunTime:0.000724s ]
INFO: [ app_begin ] --END-- [ RunTime:0.001507s ]
INFO: [ view_parse ] --START--
INFO: [ template_filter ] --START--
INFO: Run Behavior\ContentReplace [ RunTime:0.000017s ]
INFO: [ template_filter ] --END-- [ RunTime:0.000040s ]
INFO: Run Behavior\ParseTemplate [ RunTime:0.004867s ]
INFO: [ view_parse ] --END-- [ RunTime:0.004897s ]
INFO: [ view_filter ] --START--
INFO: Run Behavior\WriteHtmlCache [ RunTime:0.000462s ]
INFO: [ view_filter ] --END-- [ RunTime:0.000487s ]
INFO: [ app_end ] --START--
INFO: Run Behavior\ShowPageTrace [ RunTime:0.000759s ]
INFO: [ app_end ] --END-- [ RunTime:0.000788s ]

[ 2019-04-15T18:32:04+08:00 ] 127.0.0.1 /movie/admin.php/Login/verify.html?time=654
INFO: [ app_begin ] --START--
INFO: Run Behavior\ReadHtmlCache [ RunTime:0.000280s ]
INFO: [ app_begin ] --END-- [ RunTime:0.000542s ]
NOTIC: [8] ob_clean(): failed to delete buffer. No buffer to delete /Users/liyishi/Work/project/web/movie/App/Rzsys/Controller/LoginController.class.php 第 75 行.
ERR: Call to undefined function Think\imagettftext()

[ 2019-04-15T18:33:45+08:00 ] 127.0.0.1 /movie/admin.php/Login/login
INFO: [ app_begin ] --START--
INFO: Run Behavior\ReadHtmlCache [ RunTime:0.000670s ]
INFO: [ app_begin ] --END-- [ RunTime:0.001132s ]
NOTIC: [2] session_start(): Cannot send session cache limiter - headers already sent (output started at /Users/liyishi/Work/project/web/movie/admin.php:23) /Users/liyishi/Work/project/web/movie/ThinkPHP/Common/functions.php 第 1219 行.
INFO: [ view_parse ] --START--
INFO: [ template_filter ] --START--
INFO: Run Behavior\ContentReplace [ RunTime:0.000016s ]
INFO: [ template_filter ] --END-- [ RunTime:0.000041s ]
INFO: Run Behavior\ParseTemplate [ RunTime:0.005083s ]
INFO: [ view_parse ] --END-- [ RunTime:0.005102s ]
INFO: [ view_filter ] --START--
INFO: Run Behavior\WriteHtmlCache [ RunTime:0.000560s ]
INFO: [ view_filter ] --END-- [ RunTime:0.000589s ]
NOTIC: [2] Cannot modify header information - headers already sent by (output started at /Users/liyishi/Work/project/web/movie/admin.php:23) /Users/liyishi/Work/project/web/movie/ThinkPHP/Library/Think/View.class.php 第 91 行.
NOTIC: [2] Cannot modify header information - headers already sent by (output started at /Users/liyishi/Work/project/web/movie/admin.php:23) /Users/liyishi/Work/project/web/movie/ThinkPHP/Library/Think/View.class.php 第 92 行.
NOTIC: [2] Cannot modify header information - headers already sent by (output started at /Users/liyishi/Work/project/web/movie/admin.php:23) /Users/liyishi/Work/project/web/movie/ThinkPHP/Library/Think/View.class.php 第 93 行.
INFO: [ app_end ] --START--
INFO: Run Behavior\ShowPageTrace [ RunTime:0.000771s ]
INFO: [ app_end ] --END-- [ RunTime:0.000800s ]

[ 2019-04-15T18:33:46+08:00 ] 127.0.0.1 /movie/admin.php/Login/verify.html?time=453
INFO: [ app_begin ] --START--
INFO: Run Behavior\ReadHtmlCache [ RunTime:0.000221s ]
INFO: [ app_begin ] --END-- [ RunTime:0.000415s ]
NOTIC: [2] session_start(): Cannot send session cache limiter - headers already sent (output started at /Users/liyishi/Work/project/web/movie/admin.php:23) /Users/liyishi/Work/project/web/movie/ThinkPHP/Common/functions.php 第 1219 行.
NOTIC: [8] ob_clean(): failed to delete buffer. No buffer to delete /Users/liyishi/Work/project/web/movie/App/Rzsys/Controller/LoginController.class.php 第 75 行.
ERR: Call to undefined function Think\imagettftext()
NOTIC: [2] Cannot modify header information - headers already sent by (output started at /Users/liyishi/Work/project/web/movie/admin.php:23) /Users/liyishi/Work/project/web/movie/ThinkPHP/Library/Think/Think.class.php 第 201 行.
NOTIC: [2] Cannot modify header information - headers already sent by (output started at /Users/liyishi/Work/project/web/movie/admin.php:23) /Users/liyishi/Work/project/web/movie/ThinkPHP/Library/Think/Think.class.php 第 202 行.

[ 2019-04-15T18:37:17+08:00 ] 127.0.0.1 /admin.php/Login/login
INFO: [ app_begin ] --START--
INFO: Run Behavior\ReadHtmlCache [ RunTime:0.000472s ]
INFO: [ app_begin ] --END-- [ RunTime:0.001092s ]
NOTIC: [2] session_start(): Cannot send session cache limiter - headers already sent (output started at /Users/liyishi/Work/project/web/movie/admin.php:23) /Users/liyishi/Work/project/web/movie/ThinkPHP/Common/functions.php 第 1219 行.
INFO: [ view_parse ] --START--
INFO: [ template_filter ] --START--
INFO: Run Behavior\ContentReplace [ RunTime:0.000013s ]
INFO: [ template_filter ] --END-- [ RunTime:0.000034s ]
INFO: Run Behavior\ParseTemplate [ RunTime:0.005242s ]
INFO: [ view_parse ] --END-- [ RunTime:0.005262s ]
INFO: [ view_filter ] --START--
INFO: Run Behavior\WriteHtmlCache [ RunTime:0.000429s ]
INFO: [ view_filter ] --END-- [ RunTime:0.000445s ]
NOTIC: [2] Cannot modify header information - headers already sent by (output started at /Users/liyishi/Work/project/web/movie/admin.php:23) /Users/liyishi/Work/project/web/movie/ThinkPHP/Library/Think/View.class.php 第 91 行.
NOTIC: [2] Cannot modify header information - headers already sent by (output started at /Users/liyishi/Work/project/web/movie/admin.php:23) /Users/liyishi/Work/project/web/movie/ThinkPHP/Library/Think/View.class.php 第 92 行.
NOTIC: [2] Cannot modify header information - headers already sent by (output started at /Users/liyishi/Work/project/web/movie/admin.php:23) /Users/liyishi/Work/project/web/movie/ThinkPHP/Library/Think/View.class.php 第 93 行.
INFO: [ app_end ] --START--
INFO: Run Behavior\ShowPageTrace [ RunTime:0.000544s ]
INFO: [ app_end ] --END-- [ RunTime:0.000559s ]

[ 2019-04-15T18:37:18+08:00 ] 127.0.0.1 /admin.php/Login/verify.html?time=148
INFO: [ app_begin ] --START--
INFO: Run Behavior\ReadHtmlCache [ RunTime:0.000418s ]
INFO: [ app_begin ] --END-- [ RunTime:0.000704s ]
NOTIC: [2] session_start(): Cannot send session cache limiter - headers already sent (output started at /Users/liyishi/Work/project/web/movie/admin.php:23) /Users/liyishi/Work/project/web/movie/ThinkPHP/Common/functions.php 第 1219 行.
NOTIC: [8] ob_clean(): failed to delete buffer. No buffer to delete /Users/liyishi/Work/project/web/movie/App/Rzsys/Controller/LoginController.class.php 第 75 行.
ERR: Call to undefined function Think\imagettftext()
NOTIC: [2] Cannot modify header information - headers already sent by (output started at /Users/liyishi/Work/project/web/movie/admin.php:23) /Users/liyishi/Work/project/web/movie/ThinkPHP/Library/Think/Think.class.php 第 201 行.
NOTIC: [2] Cannot modify header information - headers already sent by (output started at /Users/liyishi/Work/project/web/movie/admin.php:23) /Users/liyishi/Work/project/web/movie/ThinkPHP/Library/Think/Think.class.php 第 202 行.

[ 2019-04-15T18:37:42+08:00 ] 127.0.0.1 /admin.php/Login/login
INFO: [ app_begin ] --START--
INFO: Run Behavior\ReadHtmlCache [ RunTime:0.000658s ]
INFO: [ app_begin ] --END-- [ RunTime:0.001311s ]
INFO: [ view_parse ] --START--
INFO: [ template_filter ] --START--
INFO: Run Behavior\ContentReplace [ RunTime:0.000014s ]
INFO: [ template_filter ] --END-- [ RunTime:0.000036s ]
INFO: Run Behavior\ParseTemplate [ RunTime:0.004331s ]
INFO: [ view_parse ] --END-- [ RunTime:0.004348s ]
INFO: [ view_filter ] --START--
INFO: Run Behavior\WriteHtmlCache [ RunTime:0.000349s ]
INFO: [ view_filter ] --END-- [ RunTime:0.000384s ]
INFO: [ app_end ] --START--
INFO: Run Behavior\ShowPageTrace [ RunTime:0.000561s ]
INFO: [ app_end ] --END-- [ RunTime:0.000577s ]

[ 2019-04-15T18:37:42+08:00 ] 127.0.0.1 /admin.php/Login/verify.html?time=667
INFO: [ app_begin ] --START--
INFO: Run Behavior\ReadHtmlCache [ RunTime:0.000341s ]
INFO: [ app_begin ] --END-- [ RunTime:0.000558s ]
NOTIC: [8] ob_clean(): failed to delete buffer. No buffer to delete /Users/liyishi/Work/project/web/movie/App/Rzsys/Controller/LoginController.class.php 第 75 行.
ERR: Call to undefined function Think\imagettftext()

[ 2019-04-15T18:39:19+08:00 ] 127.0.0.1 /admin.php/Login/login
INFO: [ app_begin ] --START--
INFO: Run Behavior\ReadHtmlCache [ RunTime:0.000593s ]
INFO: [ app_begin ] --END-- [ RunTime:0.001253s ]
INFO: [ view_parse ] --START--
INFO: [ template_filter ] --START--
INFO: Run Behavior\ContentReplace [ RunTime:0.000014s ]
INFO: [ template_filter ] --END-- [ RunTime:0.000037s ]
INFO: Run Behavior\ParseTemplate [ RunTime:0.007038s ]
INFO: [ view_parse ] --END-- [ RunTime:0.007062s ]
INFO: [ view_filter ] --START--
INFO: Run Behavior\WriteHtmlCache [ RunTime:0.000363s ]
INFO: [ view_filter ] --END-- [ RunTime:0.000379s ]
INFO: [ app_end ] --START--
INFO: Run Behavior\ShowPageTrace [ RunTime:0.000507s ]
INFO: [ app_end ] --END-- [ RunTime:0.000524s ]

[ 2019-04-15T18:39:19+08:00 ] 127.0.0.1 /admin.php/Login/verify.html?time=109
INFO: [ app_begin ] --START--
INFO: Run Behavior\ReadHtmlCache [ RunTime:0.000330s ]
INFO: [ app_begin ] --END-- [ RunTime:0.000562s ]
NOTIC: [8] ob_clean(): failed to delete buffer. No buffer to delete /Users/liyishi/Work/project/web/movie/App/Rzsys/Controller/LoginController.class.php 第 75 行.
ERR: Call to undefined function Think\imagettftext()

[ 2019-04-15T18:39:20+08:00 ] 127.0.0.1 /admin.php/Login/login
INFO: [ app_begin ] --START--
INFO: Run Behavior\ReadHtmlCache [ RunTime:0.000194s ]
INFO: [ app_begin ] --END-- [ RunTime:0.000346s ]
INFO: [ view_parse ] --START--
INFO: [ template_filter ] --START--
INFO: Run Behavior\ContentReplace [ RunTime:0.000012s ]
INFO: [ template_filter ] --END-- [ RunTime:0.000028s ]
INFO: Run Behavior\ParseTemplate [ RunTime:0.002410s ]
INFO: [ view_parse ] --END-- [ RunTime:0.002425s ]
INFO: [ view_filter ] --START--
INFO: Run Behavior\WriteHtmlCache [ RunTime:0.000080s ]
INFO: [ view_filter ] --END-- [ RunTime:0.000092s ]
INFO: [ app_end ] --START--
INFO: Run Behavior\ShowPageTrace [ RunTime:0.000213s ]
INFO: [ app_end ] --END-- [ RunTime:0.000224s ]

[ 2019-04-15T18:39:20+08:00 ] 127.0.0.1 /admin.php/Login/verify.html?time=179
INFO: [ app_begin ] --START--
INFO: Run Behavior\ReadHtmlCache [ RunTime:0.000296s ]
INFO: [ app_begin ] --END-- [ RunTime:0.000504s ]
NOTIC: [8] ob_clean(): failed to delete buffer. No buffer to delete /Users/liyishi/Work/project/web/movie/App/Rzsys/Controller/LoginController.class.php 第 75 行.
ERR: Call to undefined function Think\imagettftext()

[ 2019-04-15T18:39:22+08:00 ] 127.0.0.1 /admin.php?m=home&c=login&a=verify&time=0.1624162819257533
INFO: [ app_begin ] --START--
INFO: Run Behavior\ReadHtmlCache [ RunTime:0.000241s ]
INFO: [ app_begin ] --END-- [ RunTime:0.000425s ]
NOTIC: [8] ob_clean(): failed to delete buffer. No buffer to delete /Users/liyishi/Work/project/web/movie/App/Rzsys/Controller/LoginController.class.php 第 75 行.
ERR: Call to undefined function Think\imagettftext()

[ 2019-04-15T18:39:24+08:00 ] 127.0.0.1 /admin.php?m=home&c=login&a=verify&time=0.9522004661376553
INFO: [ app_begin ] --START--
INFO: Run Behavior\ReadHtmlCache [ RunTime:0.000234s ]
INFO: [ app_begin ] --END-- [ RunTime:0.000414s ]
NOTIC: [8] ob_clean(): failed to delete buffer. No buffer to delete /Users/liyishi/Work/project/web/movie/App/Rzsys/Controller/LoginController.class.php 第 75 行.
ERR: Call to undefined function Think\imagettftext()

